TN:
SF:/Users/cupcakep/C4_s21_math-0/src/s21_math.c
FN:5,s21_abs
FNDA:5,s21_abs
FN:7,s21_fabs
FNDA:21493152,s21_fabs
FN:9,s21_ceil
FNDA:8,s21_ceil
FN:14,s21_floor
FNDA:8,s21_floor
FN:19,s21_fmod
FNDA:290,s21_fmod
FN:32,s21_pow
FNDA:319043,s21_pow
FN:49,s21_sqrt
FNDA:23,s21_sqrt
FN:53,s21_factorial
FNDA:56189638,s21_factorial
FN:63,s21_exp
FNDA:40,s21_exp
FN:88,s21_cos
FNDA:107,s21_cos
FN:102,s21_sin
FNDA:107,s21_sin
FN:116,s21_tan
FNDA:76,s21_tan
FN:133,s21_log
FNDA:57,s21_log
FN:168,s21_asin
FNDA:10,s21_asin
FN:194,s21_acos
FNDA:10,s21_acos
FN:225,s21_atan
FNDA:13,s21_atan
FNF:16
FNH:16
DA:5,5
DA:7,21493152
DA:9,8
DA:10,5
DA:11,13
DA:14,8
DA:15,5
DA:16,13
DA:19,290
DA:20,290
DA:21,290
DA:22,290
DA:23,21492492
DA:24,21492202
DA:25,21492202
DA:27,290
DA:32,319043
DA:33,319043
DA:34,319043
DA:35,319014
DA:36,3004
DA:37,3004
DA:39,319014
DA:40,254120094
DA:41,253801080
DA:44,29
DA:46,319043
DA:49,23
DA:53,56189638
DA:54,56189638
DA:55,56189638
DA:56,121000
DA:57,56068638
DA:58,56068638
DA:60,56189638
DA:63,40
DA:64,40
DA:65,40
DA:66,40
DA:67,3
DA:68,37
DA:69,3
DA:71,34
DA:72,13
DA:73,13
DA:75,17034
DA:76,17000
DA:78,34
DA:79,13
DA:81,34
DA:82,2
DA:85,40
DA:88,107
DA:90,107
DA:91,107
DA:92,3
DA:94,104
DA:95,52104
DA:96,52000
DA:99,107
DA:102,107
DA:104,107
DA:105,107
DA:106,3
DA:108,104
DA:109,52104
DA:110,52000
DA:113,107
DA:116,76
DA:118,76
DA:119,76
DA:120,3
DA:122,73
DA:123,73
DA:124,73
DA:125,73
DA:130,76
DA:133,57
DA:135,57
DA:136,57
DA:137,57
DA:138,7
DA:139,50
DA:140,5
DA:141,45
DA:142,3
DA:144,42
DA:145,42
DA:146,4
DA:147,4
DA:149,305
DA:150,263
DA:151,263
DA:153,42
DA:154,84042
DA:155,84000
DA:157,42
DA:158,42
DA:159,42
DA:160,4
DA:163,57
DA:168,10
DA:169,10
DA:173,10
DA:174,3
DA:179,10
DA:180,4
DA:182,10
DA:183,1
DA:186,10
DA:187,1
DA:189,10
DA:190,1
DA:192,10
DA:194,10
DA:195,10
DA:199,10
DA:200,1
DA:202,10
DA:203,1
DA:208,10
DA:209,1
DA:211,10
DA:212,1
DA:214,10
DA:215,4
DA:217,10
DA:218,1
DA:220,10
DA:221,1
DA:223,10
DA:225,13
DA:226,13
DA:230,13
DA:231,2004
DA:232,2000
DA:235,13
DA:236,3006
DA:237,3000
DA:239,6
DA:244,13
DA:245,1
DA:247,13
DA:248,1
DA:250,13
DA:251,1
DA:253,13
DA:254,1
DA:256,13
DA:257,1
DA:259,13
LF:151
LH:151
end_of_record
TN:
SF:/Users/cupcakep/C4_s21_math-0/src/tests.c
FN:6,s21_abs_tests_fn
FNDA:1,s21_abs_tests_fn
FN:24,s21_fabs_tests_fn
FNDA:1,s21_fabs_tests_fn
FN:48,s21_ceil_tests_fn
FNDA:1,s21_ceil_tests_fn
FN:75,s21_floor_tests_fn
FNDA:1,s21_floor_tests_fn
FN:102,s21_fmod_tests_fn
FNDA:1,s21_fmod_tests_fn
FN:133,s21_pow_tests_fn
FNDA:1,s21_pow_tests_fn
FN:167,s21_sqrt_tests_fn
FNDA:1,s21_sqrt_tests_fn
FN:189,s21_exp_tests_fn
FNDA:1,s21_exp_tests_fn
FN:225,s21_sin_tests_fn
FNDA:1,s21_sin_tests_fn
FN:250,s21_cos_tests_fn
FNDA:1,s21_cos_tests_fn
FN:275,s21_tan_tests_fn
FNDA:1,s21_tan_tests_fn
FN:300,s21_log_tests_fn
FNDA:1,s21_log_tests_fn
FN:337,s21_asin_tests_fn
FNDA:1,s21_asin_tests_fn
FN:370,s21_acos_tests_fn
FNDA:1,s21_acos_tests_fn
FN:403,s21_atan_tests_fn
FNDA:1,s21_atan_tests_fn
FN:430,s21_math
FNDA:16,s21_math
FN:459,main
FNDA:16,main
FNF:17
FNH:17
DA:6,1
DA:8,1
DA:11,1
DA:14,1
DA:17,1
DA:20,1
DA:21,1
DA:24,1
DA:26,1
DA:29,1
DA:32,1
DA:35,1
DA:38,1
DA:41,1
DA:44,1
DA:45,1
DA:48,1
DA:50,1
DA:53,1
DA:56,1
DA:59,1
DA:62,1
DA:65,1
DA:68,1
DA:71,1
DA:72,1
DA:75,1
DA:77,1
DA:80,1
DA:83,1
DA:86,1
DA:89,1
DA:92,1
DA:95,1
DA:98,1
DA:99,1
DA:102,1
DA:104,1
DA:107,1
DA:110,1
DA:113,1
DA:116,1
DA:119,1
DA:122,1
DA:125,1
DA:129,1
DA:130,1
DA:133,1
DA:135,1
DA:138,1
DA:141,1
DA:144,1
DA:147,2
DA:148,2
DA:151,1
DA:154,1
DA:157,1
DA:160,1
DA:163,1
DA:164,1
DA:167,1
DA:169,1
DA:172,1
DA:175,2
DA:176,2
DA:179,1
DA:182,1
DA:185,1
DA:186,1
DA:189,1
DA:191,1
DA:194,1
DA:197,2
DA:200,1
DA:203,1
DA:206,1
DA:209,1
DA:212,1
DA:215,1
DA:218,1
DA:221,1
DA:222,1
DA:225,1
DA:227,2
DA:230,2
DA:233,2
DA:236,1
DA:239,22
DA:240,21
DA:244,10
DA:245,9
DA:247,1
DA:250,1
DA:252,2
DA:255,2
DA:258,2
DA:261,1
DA:264,22
DA:265,21
DA:269,10
DA:270,9
DA:272,1
DA:275,1
DA:277,2
DA:280,2
DA:283,2
DA:286,1
DA:289,64
DA:290,63
DA:294,10
DA:295,9
DA:297,1
DA:300,1
DA:302,2
DA:305,1
DA:308,2
DA:311,2
DA:314,12
DA:315,11
DA:319,10
DA:320,9
DA:324,1
DA:327,1
DA:330,1
DA:333,1
DA:334,1
DA:337,1
DA:339,2
DA:342,2
DA:345,2
DA:348,2
DA:351,2
DA:354,1
DA:357,1
DA:360,1
DA:363,1
DA:366,1
DA:367,1
DA:370,1
DA:372,2
DA:375,2
DA:378,2
DA:381,2
DA:384,2
DA:387,1
DA:390,1
DA:393,1
DA:396,1
DA:399,1
DA:400,1
DA:403,1
DA:405,1
DA:408,1
DA:411,2
DA:414,1
DA:417,1
DA:420,1
DA:423,1
DA:426,1
DA:427,1
DA:430,16
DA:434,16
DA:435,16
DA:437,16
DA:438,16
DA:439,16
DA:440,16
DA:441,16
DA:442,16
DA:443,16
DA:444,16
DA:445,16
DA:446,16
DA:447,16
DA:448,16
DA:450,16
DA:451,16
DA:452,16
DA:454,16
DA:456,16
DA:459,16
DA:463,16
DA:464,16
DA:466,16
DA:467,1
DA:468,1
DA:470,1
LF:187
LH:187
end_of_record
SF:/usr/local/lib/gcc/10/gcc/x86_64-apple-darwin20/10.3.0/include-fixed/math.h
DA:224,28
LF:1
LH:1
end_of_record
